0 info it worked if it ends with ok
1 verbose cli [ '/usr/local/bin/node',
1 verbose cli   '/usr/local/bin/npm',
1 verbose cli   'run',
1 verbose cli   'coveralls' ]
2 info using npm@3.10.3
3 info using node@v6.3.1
4 verbose run-script [ 'precoveralls', 'coveralls', 'postcoveralls' ]
5 info lifecycle apollo-modules@0.0.1~precoveralls: apollo-modules@0.0.1
6 silly lifecycle apollo-modules@0.0.1~precoveralls: no script for precoveralls, continuing
7 info lifecycle apollo-modules@0.0.1~coveralls: apollo-modules@0.0.1
8 verbose lifecycle apollo-modules@0.0.1~coveralls: unsafe-perm in lifecycle true
9 verbose lifecycle apollo-modules@0.0.1~coveralls: PATH: /usr/local/lib/node_modules/npm/bin/node-gyp-bin:/Users/tomi/Github/packages/apollo-modules/node_modules/.bin:/usr/local/bin:/usr/local/bin:/usr/bin:/bin:/usr/sbin:/sbin
10 verbose lifecycle apollo-modules@0.0.1~coveralls: CWD: /Users/tomi/Github/packages/apollo-modules
11 silly lifecycle apollo-modules@0.0.1~coveralls: Args: [ '-c',
11 silly lifecycle   'istanbul cover _mocha --report lcovonly -- --compilers js:babel-core/register "dist/**/*.spec.js" -R spec --timeout 3000 && cat ./coverage/lcov.info | ./node_modules/coveralls/bin/coveralls.js && rm -rf ./coverage' ]
12 silly lifecycle apollo-modules@0.0.1~coveralls: Returned: code: 1  signal: null
13 info lifecycle apollo-modules@0.0.1~coveralls: Failed to exec coveralls script
14 verbose stack Error: apollo-modules@0.0.1 coveralls: `istanbul cover _mocha --report lcovonly -- --compilers js:babel-core/register "dist/**/*.spec.js" -R spec --timeout 3000 && cat ./coverage/lcov.info | ./node_modules/coveralls/bin/coveralls.js && rm -rf ./coverage`
14 verbose stack Exit status 1
14 verbose stack     at EventEmitter.<anonymous> (/usr/local/lib/node_modules/npm/lib/utils/lifecycle.js:242:16)
14 verbose stack     at emitTwo (events.js:106:13)
14 verbose stack     at EventEmitter.emit (events.js:191:7)
14 verbose stack     at ChildProcess.<anonymous> (/usr/local/lib/node_modules/npm/lib/utils/spawn.js:40:14)
14 verbose stack     at emitTwo (events.js:106:13)
14 verbose stack     at ChildProcess.emit (events.js:191:7)
14 verbose stack     at maybeClose (internal/child_process.js:852:16)
14 verbose stack     at Process.ChildProcess._handle.onexit (internal/child_process.js:215:5)
15 verbose pkgid apollo-modules@0.0.1
16 verbose cwd /Users/tomi/Github/packages/apollo-modules
17 error Darwin 15.6.0
18 error argv "/usr/local/bin/node" "/usr/local/bin/npm" "run" "coveralls"
19 error node v6.3.1
20 error npm  v3.10.3
21 error code ELIFECYCLE
22 error apollo-modules@0.0.1 coveralls: `istanbul cover _mocha --report lcovonly -- --compilers js:babel-core/register "dist/**/*.spec.js" -R spec --timeout 3000 && cat ./coverage/lcov.info | ./node_modules/coveralls/bin/coveralls.js && rm -rf ./coverage`
22 error Exit status 1
23 error Failed at the apollo-modules@0.0.1 coveralls script 'istanbul cover _mocha --report lcovonly -- --compilers js:babel-core/register "dist/**/*.spec.js" -R spec --timeout 3000 && cat ./coverage/lcov.info | ./node_modules/coveralls/bin/coveralls.js && rm -rf ./coverage'.
23 error Make sure you have the latest version of node.js and npm installed.
23 error If you do, this is most likely a problem with the apollo-modules package,
23 error not with npm itself.
23 error Tell the author that this fails on your system:
23 error     istanbul cover _mocha --report lcovonly -- --compilers js:babel-core/register "dist/**/*.spec.js" -R spec --timeout 3000 && cat ./coverage/lcov.info | ./node_modules/coveralls/bin/coveralls.js && rm -rf ./coverage
23 error You can get information on how to open an issue for this project with:
23 error     npm bugs apollo-modules
23 error Or if that isn't available, you can get their info via:
23 error     npm owner ls apollo-modules
23 error There is likely additional logging output above.
24 verbose exit [ 1, true ]
